@repo/ui:build: cache miss, executing c55a73edff55ed17
@repo/ui:build: 
@repo/ui:build: 
@repo/ui:build: > @repo/ui@0.0.0 build /home/runner/cpturbostarter/packages/ui
@repo/ui:build: > tsup src/index.ts --format esm,cjs --dts --external react
@repo/ui:build: 
@repo/ui:build: CLI Building entry: src/index.ts
@repo/ui:build: CLI Using tsconfig: ../../tsconfig.json
@repo/ui:build: CLI tsup v8.3.5
@repo/ui:build: CLI Target: es5
@repo/ui:build: ESM Build start
@repo/ui:build: CJS Build start
@repo/ui:build: ✘ [ERROR] Could not resolve "./Button/Button"
@repo/ui:build: 
@repo/ui:build:     src/index.ts:2:14:
@repo/ui:build:       2 │ export * from './Button/Button';
@repo/ui:build:         ╵               ~~~~~~~~~~~~~~~~~
@repo/ui:build: 
@repo/ui:build: ✘ [ERROR] Could not resolve "./Tooltip/Tooltip"
@repo/ui:build: 
@repo/ui:build:     src/index.ts:3:14:
@repo/ui:build:       3 │ export * from './Tooltip/Tooltip';
@repo/ui:build:         ╵               ~~~~~~~~~~~~~~~~~~~
@repo/ui:build: 
@repo/ui:build: ✘ [ERROR] Could not resolve "./Button/Button"
@repo/ui:build: 
@repo/ui:build:     src/index.ts:2:14:
@repo/ui:build:       2 │ export * from './Button/Button';
@repo/ui:build:         ╵               ~~~~~~~~~~~~~~~~~
@repo/ui:build: 
@repo/ui:build: ESM Build failed
@repo/ui:build: Error: Build failed with 2 errors:
@repo/ui:build: src/index.ts:2:14: ERROR: Could not resolve "./Button/Button"
@repo/ui:build: src/index.ts:3:14: ERROR: Could not resolve "./Tooltip/Tooltip"
@repo/ui:build:     at failureErrorWithLog (/home/runner/cpturbostarter/node_modules/.pnpm/esbuild@0.24.2/node_modules/esbuild/lib/main.js:1476:15)
@repo/ui:build:     at /home/runner/cpturbostarter/node_modules/.pnpm/esbuild@0.24.2/node_modules/esbuild/lib/main.js:945:25
@repo/ui:build:     at runOnEndCallbacks (/home/runner/cpturbostarter/node_modules/.pnpm/esbuild@0.24.2/node_modules/esbuild/lib/main.js:1316:45)
@repo/ui:build:     at buildResponseToResult (/home/runner/cpturbostarter/node_modules/.pnpm/esbuild@0.24.2/node_modules/esbuild/lib/main.js:943:7)
@repo/ui:build:     at /home/runner/cpturbostarter/node_modules/.pnpm/esbuild@0.24.2/node_modules/esbuild/lib/main.js:970:16
@repo/ui:build:     at responseCallbacks.<computed> (/home/runner/cpturbostarter/node_modules/.pnpm/esbuild@0.24.2/node_modules/esbuild/lib/main.js:622:9)
@repo/ui:build:     at handleIncomingPacket (/home/runner/cpturbostarter/node_modules/.pnpm/esbuild@0.24.2/node_modules/esbuild/lib/main.js:677:12)
@repo/ui:build:     at Socket.readFromStdout (/home/runner/cpturbostarter/node_modules/.pnpm/esbuild@0.24.2/node_modules/esbuild/lib/main.js:600:7)
@repo/ui:build:     at Socket.emit (node:events:518:28)
@repo/ui:build:     at addChunk (node:internal/streams/readable:561:12)
@repo/ui:build: ✘ [ERROR] Could not resolve "./Tooltip/Tooltip"
@repo/ui:build: 
@repo/ui:build:     src/index.ts:3:14:
@repo/ui:build:       3 │ export * from './Tooltip/Tooltip';
@repo/ui:build:         ╵               ~~~~~~~~~~~~~~~~~~~
@repo/ui:build: 
@repo/ui:build: CJS Build failed
@repo/ui:build: DTS Build start
@repo/ui:build: error TS2688: Cannot find type definition file for '@testing-library/jest-dom'.
@repo/ui:build:   The file is in the program because:
@repo/ui:build:     Entry point of type library '@testing-library/jest-dom' specified in compilerOptions
@repo/ui:build: error TS2688: Cannot find type definition file for 'jest'.
@repo/ui:build:   The file is in the program because:
@repo/ui:build:     Entry point of type library 'jest' specified in compilerOptions
@repo/ui:build: error TS2688: Cannot find type definition file for 'node'.
@repo/ui:build:   The file is in the program because:
@repo/ui:build:     Entry point of type library 'node' specified in compilerOptions
@repo/ui:build: error TS5074: Option '--incremental' can only be specified using tsconfig, emitting to single file or when option '--tsBuildInfoFile' is specified.
@repo/ui:build: src/index.ts(2,15): error TS2307: Cannot find module './Button/Button' or its corresponding type declarations.
@repo/ui:build: src/index.ts(3,15): error TS2307: Cannot find module './Tooltip/Tooltip' or its corresponding type declarations.
@repo/ui:build: 
@repo/ui:build: DTS Build error
@repo/ui:build:  ELIFECYCLE  Command failed with exit code 1.
@repo/ui:build: ERROR: command finished with error: command (/home/runner/cpturbostarter/packages/ui) /nix/store/z8s3r4vwf4r26g2d7shnw5lva6ihim8f-pnpm-9.15.0/bin/pnpm run build exited (1)
@repo/ui#build: command (/home/runner/cpturbostarter/packages/ui) /nix/store/z8s3r4vwf4r26g2d7shnw5lva6ihim8f-pnpm-9.15.0/bin/pnpm run build exited (1)

 Tasks:    0 successful, 1 total
Cached:    0 cached, 1 total
  Time:    2.73s 
Failed:    @repo/ui#build
